<?xml version="1.0" encoding="UTF-8"?>
<!-- Generated by org.testng.reporters.JUnitReportReporter -->
<testsuite hostname="San" failures="0" tests="1" name="Weather_API_Get_Request" time="1.565" errors="0" timestamp="2023-01-04T11:32:57 PST" skipped="0">
  <testcase classname="Weather_API_Get_Request" name="getweatherDeatils" time="1.565"/>
  <system-out/>
</testsuite> <!-- Weather_API_Get_Request -->
