<?xml version="1.0" encoding="UTF-8"?>
<!-- Generated by org.testng.reporters.JUnitReportReporter -->
<testsuite hostname="San" failures="0" tests="1" name="UserList_Get_Conetenttypes" time="1.196" errors="0" timestamp="2023-01-04T16:20:53 PST" skipped="0">
  <testcase classname="UserList_Get_Conetenttypes" name="getHeaderDeatils" time="1.196"/>
  <system-out/>
</testsuite> <!-- UserList_Get_Conetenttypes -->
